This file contains any messages produced by compilers while
running configure, to aid debugging if configure makes a mistake.

It was created by TheForgottenServer configure 0.4, which was
generated by GNU Autoconf 2.67.  Invocation command line was

  $ ./configure --enable-mysql --enable-server-diag

## --------- ##
## Platform. ##
## --------- ##

hostname = ubuntu
uname -m = i686
uname -r = 2.6.35-22-generic
uname -s = Linux
uname -v = #33-Ubuntu SMP Sun Sep 19 20:34:50 UTC 2010

/usr/bin/uname -p = unknown
/bin/uname -X     = unknown

/bin/arch              = unknown
/usr/bin/arch -k       = unknown
/usr/convex/getsysinfo = unknown
/usr/bin/hostinfo      = unknown
/bin/machine           = unknown
/usr/bin/oslevel       = unknown
/bin/universe          = unknown

PATH: /usr/local/sbin
PATH: /usr/local/bin
PATH: /usr/sbin
PATH: /usr/bin
PATH: /sbin
PATH: /bin
PATH: /usr/games


## ----------- ##
## Core tests. ##
## ----------- ##

configure:2402: checking for a BSD-compatible install
configure:2470: result: /usr/bin/install -c
configure:2481: checking whether build environment is sane
configure:2531: result: yes
configure:2672: checking for a thread-safe mkdir -p
configure:2711: result: /bin/mkdir -p
configure:2724: checking for gawk
configure:2754: result: no
configure:2724: checking for mawk
configure:2740: found /usr/bin/mawk
configure:2751: result: mawk
configure:2762: checking whether make sets $(MAKE)
configure:2784: result: yes
configure:2926: checking for g++
configure:2942: found /usr/bin/g++
configure:2953: result: g++
configure:2980: checking for C++ compiler version
configure:2989: g++ --version >&5
g++ (Ubuntu/Linaro 4.4.4-14ubuntu5) 4.4.5
Copyright (C) 2010 Free Software Foundation, Inc.
This is free software; see the source for copying conditions.  There is NO
warranty; not even for MERCHANTABILITY or FITNESS FOR A PARTICULAR PURPOSE.

configure:3000: $? = 0
configure:2989: g++ -v >&5
Using built-in specs.
Target: i686-linux-gnu
Configured with: ../src/configure -v --with-pkgversion='Ubuntu/Linaro 4.4.4-14ubuntu5' --with-bugurl=file:///usr/share/doc/gcc-4.4/README.Bugs --enable-languages=c,c++,fortran,objc,obj-c++ --prefix=/usr --program-suffix=-4.4 --enable-shared --enable-multiarch --enable-linker-build-id --with-system-zlib --libexecdir=/usr/lib --without-included-gettext --enable-threads=posix --with-gxx-include-dir=/usr/include/c++/4.4 --libdir=/usr/lib --enable-nls --with-sysroot=/ --enable-clocale=gnu --enable-libstdcxx-debug --enable-objc-gc --enable-targets=all --disable-werror --with-arch-32=i686 --with-tune=generic --enable-checking=release --build=i686-linux-gnu --host=i686-linux-gnu --target=i686-linux-gnu
Thread model: posix
gcc version 4.4.5 (Ubuntu/Linaro 4.4.4-14ubuntu5) 
configure:3000: $? = 0
configure:2989: g++ -V >&5
g++: '-V' option must have argument
configure:3000: $? = 1
configure:2989: g++ -qversion >&5
g++: unrecognized option '-qversion'
g++: no input files
configure:3000: $? = 1
configure:3020: checking whether the C++ compiler works
configure:3042: g++    conftest.cpp  >&5
configure:3046: $? = 0
configure:3094: result: yes
configure:3097: checking for C++ compiler default output file name
configure:3099: result: a.out
configure:3105: checking for suffix of executables
configure:3112: g++ -o conftest    conftest.cpp  >&5
configure:3116: $? = 0
configure:3138: result: 
configure:3160: checking whether we are cross compiling
configure:3168: g++ -o conftest    conftest.cpp  >&5
configure:3172: $? = 0
configure:3179: ./conftest
configure:3183: $? = 0
configure:3198: result: no
configure:3203: checking for suffix of object files
configure:3225: g++ -c   conftest.cpp >&5
configure:3229: $? = 0
configure:3250: result: o
configure:3254: checking whether we are using the GNU C++ compiler
configure:3273: g++ -c   conftest.cpp >&5
configure:3273: $? = 0
configure:3282: result: yes
configure:3291: checking whether g++ accepts -g
configure:3311: g++ -c -g  conftest.cpp >&5
configure:3311: $? = 0
configure:3352: result: yes
configure:3386: checking for style of include used by make
configure:3414: result: GNU
configure:3439: checking dependency style of g++
configure:3549: result: gcc3
configure:3801: checking how to run the C++ preprocessor
configure:3828: g++ -E  conftest.cpp
configure:3828: $? = 0
configure:3842: g++ -E  conftest.cpp
conftest.cpp:11: fatal error: ac_nonexistent.h: No such file or directory
compilation terminated.
configure:3842: $? = 1
configure: failed program was:
| /* confdefs.h */
| #define PACKAGE_NAME "TheForgottenServer"
| #define PACKAGE_TARNAME "theforgottenserver"
| #define PACKAGE_VERSION "0.4"
| #define PACKAGE_STRING "TheForgottenServer 0.4"
| #define PACKAGE_BUGREPORT ""
| #define PACKAGE_URL ""
| #define PACKAGE "theforgottenserver"
| #define VERSION "0.4"
| /* end confdefs.h.  */
| #include <ac_nonexistent.h>
configure:3867: result: g++ -E
configure:3887: g++ -E  conftest.cpp
configure:3887: $? = 0
configure:3901: g++ -E  conftest.cpp
conftest.cpp:11: fatal error: ac_nonexistent.h: No such file or directory
compilation terminated.
configure:3901: $? = 1
configure: failed program was:
| /* confdefs.h */
| #define PACKAGE_NAME "TheForgottenServer"
| #define PACKAGE_TARNAME "theforgottenserver"
| #define PACKAGE_VERSION "0.4"
| #define PACKAGE_STRING "TheForgottenServer 0.4"
| #define PACKAGE_BUGREPORT ""
| #define PACKAGE_URL ""
| #define PACKAGE "theforgottenserver"
| #define VERSION "0.4"
| /* end confdefs.h.  */
| #include <ac_nonexistent.h>
configure:3930: checking for grep that handles long lines and -e
configure:3988: result: /bin/grep
configure:3993: checking for egrep
configure:4055: result: /bin/grep -E
configure:4060: checking for ANSI C header files
configure:4080: g++ -c -g -O2  conftest.cpp >&5
configure:4080: $? = 0
configure:4153: g++ -o conftest -g -O2   conftest.cpp  >&5
configure:4153: $? = 0
configure:4153: ./conftest
configure:4153: $? = 0
configure:4164: result: yes
configure:4177: checking for sys/types.h
configure:4177: g++ -c -g -O2  conftest.cpp >&5
configure:4177: $? = 0
configure:4177: result: yes
configure:4177: checking for sys/stat.h
configure:4177: g++ -c -g -O2  conftest.cpp >&5
configure:4177: $? = 0
configure:4177: result: yes
configure:4177: checking for stdlib.h
configure:4177: g++ -c -g -O2  conftest.cpp >&5
configure:4177: $? = 0
configure:4177: result: yes
configure:4177: checking for string.h
configure:4177: g++ -c -g -O2  conftest.cpp >&5
configure:4177: $? = 0
configure:4177: result: yes
configure:4177: checking for memory.h
configure:4177: g++ -c -g -O2  conftest.cpp >&5
configure:4177: $? = 0
configure:4177: result: yes
configure:4177: checking for strings.h
configure:4177: g++ -c -g -O2  conftest.cpp >&5
configure:4177: $? = 0
configure:4177: result: yes
configure:4177: checking for inttypes.h
configure:4177: g++ -c -g -O2  conftest.cpp >&5
configure:4177: $? = 0
configure:4177: result: yes
configure:4177: checking for stdint.h
configure:4177: g++ -c -g -O2  conftest.cpp >&5
configure:4177: $? = 0
configure:4177: result: yes
configure:4177: checking for unistd.h
configure:4177: g++ -c -g -O2  conftest.cpp >&5
configure:4177: $? = 0
configure:4177: result: yes
configure:4192: checking arpa/inet.h usability
configure:4192: g++ -c -g -O2  conftest.cpp >&5
configure:4192: $? = 0
configure:4192: result: yes
configure:4192: checking arpa/inet.h presence
configure:4192: g++ -E  conftest.cpp
configure:4192: $? = 0
configure:4192: result: yes
configure:4192: checking for arpa/inet.h
configure:4192: result: yes
configure:4192: checking netdb.h usability
configure:4192: g++ -c -g -O2  conftest.cpp >&5
configure:4192: $? = 0
configure:4192: result: yes
configure:4192: checking netdb.h presence
configure:4192: g++ -E  conftest.cpp
configure:4192: $? = 0
configure:4192: result: yes
configure:4192: checking for netdb.h
configure:4192: result: yes
configure:4192: checking netinet/in.h usability
configure:4192: g++ -c -g -O2  conftest.cpp >&5
configure:4192: $? = 0
configure:4192: result: yes
configure:4192: checking netinet/in.h presence
configure:4192: g++ -E  conftest.cpp
configure:4192: $? = 0
configure:4192: result: yes
configure:4192: checking for netinet/in.h
configure:4192: result: yes
configure:4192: checking stddef.h usability
configure:4192: g++ -c -g -O2  conftest.cpp >&5
configure:4192: $? = 0
configure:4192: result: yes
configure:4192: checking stddef.h presence
configure:4192: g++ -E  conftest.cpp
configure:4192: $? = 0
configure:4192: result: yes
configure:4192: checking for stddef.h
configure:4192: result: yes
configure:4192: checking for stdint.h
configure:4192: result: yes
configure:4192: checking for stdlib.h
configure:4192: result: yes
configure:4192: checking sys/socket.h usability
configure:4192: g++ -c -g -O2  conftest.cpp >&5
configure:4192: $? = 0
configure:4192: result: yes
configure:4192: checking sys/socket.h presence
configure:4192: g++ -E  conftest.cpp
configure:4192: $? = 0
configure:4192: result: yes
configure:4192: checking for sys/socket.h
configure:4192: result: yes
configure:4192: checking sys/timeb.h usability
configure:4192: g++ -c -g -O2  conftest.cpp >&5
configure:4192: $? = 0
configure:4192: result: yes
configure:4192: checking sys/timeb.h presence
configure:4192: g++ -E  conftest.cpp
configure:4192: $? = 0
configure:4192: result: yes
configure:4192: checking for sys/timeb.h
configure:4192: result: yes
configure:4204: checking for stdbool.h that conforms to C99
configure:4289: g++ -c -g -O2  conftest.cpp >&5
configure:4289: $? = 0
configure:4296: result: yes
configure:4298: checking for _Bool
configure:4298: g++ -c -g -O2  conftest.cpp >&5
conftest.cpp: In function 'int main()':
conftest.cpp:65: error: '_Bool' was not declared in this scope
configure:4298: $? = 1
configure: failed program was:
| /* confdefs.h */
| #define PACKAGE_NAME "TheForgottenServer"
| #define PACKAGE_TARNAME "theforgottenserver"
| #define PACKAGE_VERSION "0.4"
| #define PACKAGE_STRING "TheForgottenServer 0.4"
| #define PACKAGE_BUGREPORT ""
| #define PACKAGE_URL ""
| #define PACKAGE "theforgottenserver"
| #define VERSION "0.4"
| #define STDC_HEADERS 1
| #define HAVE_SYS_TYPES_H 1
| #define HAVE_SYS_STAT_H 1
| #define HAVE_STDLIB_H 1
| #define HAVE_STRING_H 1
| #define HAVE_MEMORY_H 1
| #define HAVE_STRINGS_H 1
| #define HAVE_INTTYPES_H 1
| #define HAVE_STDINT_H 1
| #define HAVE_UNISTD_H 1
| #define HAVE_ARPA_INET_H 1
| #define HAVE_NETDB_H 1
| #define HAVE_NETINET_IN_H 1
| #define HAVE_STDDEF_H 1
| #define HAVE_STDINT_H 1
| #define HAVE_STDLIB_H 1
| #define HAVE_SYS_SOCKET_H 1
| #define HAVE_SYS_TIMEB_H 1
| /* end confdefs.h.  */
| #include <stdio.h>
| #ifdef HAVE_SYS_TYPES_H
| # include <sys/types.h>
| #endif
| #ifdef HAVE_SYS_STAT_H
| # include <sys/stat.h>
| #endif
| #ifdef STDC_HEADERS
| # include <stdlib.h>
| # include <stddef.h>
| #else
| # ifdef HAVE_STDLIB_H
| #  include <stdlib.h>
| # endif
| #endif
| #ifdef HAVE_STRING_H
| # if !defined STDC_HEADERS && defined HAVE_MEMORY_H
| #  include <memory.h>
| # endif
| # include <string.h>
| #endif
| #ifdef HAVE_STRINGS_H
| # include <strings.h>
| #endif
| #ifdef HAVE_INTTYPES_H
| # include <inttypes.h>
| #endif
| #ifdef HAVE_STDINT_H
| # include <stdint.h>
| #endif
| #ifdef HAVE_UNISTD_H
| # include <unistd.h>
| #endif
| int
| main ()
| {
| if (sizeof (_Bool))
| 	 return 0;
|   ;
|   return 0;
| }
configure:4298: result: no
configure:4314: checking for an ANSI C-conforming const
configure:4379: g++ -c -g -O2  conftest.cpp >&5
configure:4379: $? = 0
configure:4386: result: yes
configure:4394: checking for inline
configure:4410: g++ -c -g -O2  conftest.cpp >&5
configure:4410: $? = 0
configure:4418: result: inline
configure:4436: checking for int16_t
configure:4436: g++ -c -g -O2  conftest.cpp >&5
configure:4436: $? = 0
configure:4436: g++ -c -g -O2  conftest.cpp >&5
conftest.cpp: In function 'int main()':
conftest.cpp:68: error: size of array 'test_array' is negative
configure:4436: $? = 1
configure: failed program was:
| /* confdefs.h */
| #define PACKAGE_NAME "TheForgottenServer"
| #define PACKAGE_TARNAME "theforgottenserver"
| #define PACKAGE_VERSION "0.4"
| #define PACKAGE_STRING "TheForgottenServer 0.4"
| #define PACKAGE_BUGREPORT ""
| #define PACKAGE_URL ""
| #define PACKAGE "theforgottenserver"
| #define VERSION "0.4"
| #define STDC_HEADERS 1
| #define HAVE_SYS_TYPES_H 1
| #define HAVE_SYS_STAT_H 1
| #define HAVE_STDLIB_H 1
| #define HAVE_STRING_H 1
| #define HAVE_MEMORY_H 1
| #define HAVE_STRINGS_H 1
| #define HAVE_INTTYPES_H 1
| #define HAVE_STDINT_H 1
| #define HAVE_UNISTD_H 1
| #define HAVE_ARPA_INET_H 1
| #define HAVE_NETDB_H 1
| #define HAVE_NETINET_IN_H 1
| #define HAVE_STDDEF_H 1
| #define HAVE_STDINT_H 1
| #define HAVE_STDLIB_H 1
| #define HAVE_SYS_SOCKET_H 1
| #define HAVE_SYS_TIMEB_H 1
| #define HAVE_STDBOOL_H 1
| /* end confdefs.h.  */
| #include <stdio.h>
| #ifdef HAVE_SYS_TYPES_H
| # include <sys/types.h>
| #endif
| #ifdef HAVE_SYS_STAT_H
| # include <sys/stat.h>
| #endif
| #ifdef STDC_HEADERS
| # include <stdlib.h>
| # include <stddef.h>
| #else
| # ifdef HAVE_STDLIB_H
| #  include <stdlib.h>
| # endif
| #endif
| #ifdef HAVE_STRING_H
| # if !defined STDC_HEADERS && defined HAVE_MEMORY_H
| #  include <memory.h>
| # endif
| # include <string.h>
| #endif
| #ifdef HAVE_STRINGS_H
| # include <strings.h>
| #endif
| #ifdef HAVE_INTTYPES_H
| # include <inttypes.h>
| #endif
| #ifdef HAVE_STDINT_H
| # include <stdint.h>
| #endif
| #ifdef HAVE_UNISTD_H
| # include <unistd.h>
| #endif
| 	        enum { N = 16 / 2 - 1 };
| int
| main ()
| {
| static int test_array [1 - 2 * !((int16_t) (((((int16_t) 1 << N) << N) - 1) * 2 + 1)
| 		 < (int16_t) (((((int16_t) 1 << N) << N) - 1) * 2 + 2))];
| test_array [0] = 0
| 
|   ;
|   return 0;
| }
configure:4436: result: yes
configure:4447: checking for int32_t
configure:4447: g++ -c -g -O2  conftest.cpp >&5
configure:4447: $? = 0
configure:4447: g++ -c -g -O2  conftest.cpp >&5
conftest.cpp: In function 'int main()':
conftest.cpp:68: warning: integer overflow in expression
conftest.cpp:68: error: size of array 'test_array' is negative
configure:4447: $? = 1
configure: failed program was:
| /* confdefs.h */
| #define PACKAGE_NAME "TheForgottenServer"
| #define PACKAGE_TARNAME "theforgottenserver"
| #define PACKAGE_VERSION "0.4"
| #define PACKAGE_STRING "TheForgottenServer 0.4"
| #define PACKAGE_BUGREPORT ""
| #define PACKAGE_URL ""
| #define PACKAGE "theforgottenserver"
| #define VERSION "0.4"
| #define STDC_HEADERS 1
| #define HAVE_SYS_TYPES_H 1
| #define HAVE_SYS_STAT_H 1
| #define HAVE_STDLIB_H 1
| #define HAVE_STRING_H 1
| #define HAVE_MEMORY_H 1
| #define HAVE_STRINGS_H 1
| #define HAVE_INTTYPES_H 1
| #define HAVE_STDINT_H 1
| #define HAVE_UNISTD_H 1
| #define HAVE_ARPA_INET_H 1
| #define HAVE_NETDB_H 1
| #define HAVE_NETINET_IN_H 1
| #define HAVE_STDDEF_H 1
| #define HAVE_STDINT_H 1
| #define HAVE_STDLIB_H 1
| #define HAVE_SYS_SOCKET_H 1
| #define HAVE_SYS_TIMEB_H 1
| #define HAVE_STDBOOL_H 1
| /* end confdefs.h.  */
| #include <stdio.h>
| #ifdef HAVE_SYS_TYPES_H
| # include <sys/types.h>
| #endif
| #ifdef HAVE_SYS_STAT_H
| # include <sys/stat.h>
| #endif
| #ifdef STDC_HEADERS
| # include <stdlib.h>
| # include <stddef.h>
| #else
| # ifdef HAVE_STDLIB_H
| #  include <stdlib.h>
| # endif
| #endif
| #ifdef HAVE_STRING_H
| # if !defined STDC_HEADERS && defined HAVE_MEMORY_H
| #  include <memory.h>
| # endif
| # include <string.h>
| #endif
| #ifdef HAVE_STRINGS_H
| # include <strings.h>
| #endif
| #ifdef HAVE_INTTYPES_H
| # include <inttypes.h>
| #endif
| #ifdef HAVE_STDINT_H
| # include <stdint.h>
| #endif
| #ifdef HAVE_UNISTD_H
| # include <unistd.h>
| #endif
| 	        enum { N = 32 / 2 - 1 };
| int
| main ()
| {
| static int test_array [1 - 2 * !((int32_t) (((((int32_t) 1 << N) << N) - 1) * 2 + 1)
| 		 < (int32_t) (((((int32_t) 1 << N) << N) - 1) * 2 + 2))];
| test_array [0] = 0
| 
|   ;
|   return 0;
| }
configure:4447: result: yes
configure:4458: checking for int64_t
configure:4458: g++ -c -g -O2  conftest.cpp >&5
configure:4458: $? = 0
configure:4458: g++ -c -g -O2  conftest.cpp >&5
conftest.cpp: In function 'int main()':
conftest.cpp:68: warning: integer overflow in expression
conftest.cpp:68: error: size of array 'test_array' is negative
configure:4458: $? = 1
configure: failed program was:
| /* confdefs.h */
| #define PACKAGE_NAME "TheForgottenServer"
| #define PACKAGE_TARNAME "theforgottenserver"
| #define PACKAGE_VERSION "0.4"
| #define PACKAGE_STRING "TheForgottenServer 0.4"
| #define PACKAGE_BUGREPORT ""
| #define PACKAGE_URL ""
| #define PACKAGE "theforgottenserver"
| #define VERSION "0.4"
| #define STDC_HEADERS 1
| #define HAVE_SYS_TYPES_H 1
| #define HAVE_SYS_STAT_H 1
| #define HAVE_STDLIB_H 1
| #define HAVE_STRING_H 1
| #define HAVE_MEMORY_H 1
| #define HAVE_STRINGS_H 1
| #define HAVE_INTTYPES_H 1
| #define HAVE_STDINT_H 1
| #define HAVE_UNISTD_H 1
| #define HAVE_ARPA_INET_H 1
| #define HAVE_NETDB_H 1
| #define HAVE_NETINET_IN_H 1
| #define HAVE_STDDEF_H 1
| #define HAVE_STDINT_H 1
| #define HAVE_STDLIB_H 1
| #define HAVE_SYS_SOCKET_H 1
| #define HAVE_SYS_TIMEB_H 1
| #define HAVE_STDBOOL_H 1
| /* end confdefs.h.  */
| #include <stdio.h>
| #ifdef HAVE_SYS_TYPES_H
| # include <sys/types.h>
| #endif
| #ifdef HAVE_SYS_STAT_H
| # include <sys/stat.h>
| #endif
| #ifdef STDC_HEADERS
| # include <stdlib.h>
| # include <stddef.h>
| #else
| # ifdef HAVE_STDLIB_H
| #  include <stdlib.h>
| # endif
| #endif
| #ifdef HAVE_STRING_H
| # if !defined STDC_HEADERS && defined HAVE_MEMORY_H
| #  include <memory.h>
| # endif
| # include <string.h>
| #endif
| #ifdef HAVE_STRINGS_H
| # include <strings.h>
| #endif
| #ifdef HAVE_INTTYPES_H
| # include <inttypes.h>
| #endif
| #ifdef HAVE_STDINT_H
| # include <stdint.h>
| #endif
| #ifdef HAVE_UNISTD_H
| # include <unistd.h>
| #endif
| 	        enum { N = 64 / 2 - 1 };
| int
| main ()
| {
| static int test_array [1 - 2 * !((int64_t) (((((int64_t) 1 << N) << N) - 1) * 2 + 1)
| 		 < (int64_t) (((((int64_t) 1 << N) << N) - 1) * 2 + 2))];
| test_array [0] = 0
| 
|   ;
|   return 0;
| }
configure:4458: result: yes
configure:4469: checking for size_t
configure:4469: g++ -c -g -O2  conftest.cpp >&5
configure:4469: $? = 0
configure:4469: g++ -c -g -O2  conftest.cpp >&5
conftest.cpp: In function 'int main()':
conftest.cpp:66: error: expected primary-expression before ')' token
configure:4469: $? = 1
configure: failed program was:
| /* confdefs.h */
| #define PACKAGE_NAME "TheForgottenServer"
| #define PACKAGE_TARNAME "theforgottenserver"
| #define PACKAGE_VERSION "0.4"
| #define PACKAGE_STRING "TheForgottenServer 0.4"
| #define PACKAGE_BUGREPORT ""
| #define PACKAGE_URL ""
| #define PACKAGE "theforgottenserver"
| #define VERSION "0.4"
| #define STDC_HEADERS 1
| #define HAVE_SYS_TYPES_H 1
| #define HAVE_SYS_STAT_H 1
| #define HAVE_STDLIB_H 1
| #define HAVE_STRING_H 1
| #define HAVE_MEMORY_H 1
| #define HAVE_STRINGS_H 1
| #define HAVE_INTTYPES_H 1
| #define HAVE_STDINT_H 1
| #define HAVE_UNISTD_H 1
| #define HAVE_ARPA_INET_H 1
| #define HAVE_NETDB_H 1
| #define HAVE_NETINET_IN_H 1
| #define HAVE_STDDEF_H 1
| #define HAVE_STDINT_H 1
| #define HAVE_STDLIB_H 1
| #define HAVE_SYS_SOCKET_H 1
| #define HAVE_SYS_TIMEB_H 1
| #define HAVE_STDBOOL_H 1
| /* end confdefs.h.  */
| #include <stdio.h>
| #ifdef HAVE_SYS_TYPES_H
| # include <sys/types.h>
| #endif
| #ifdef HAVE_SYS_STAT_H
| # include <sys/stat.h>
| #endif
| #ifdef STDC_HEADERS
| # include <stdlib.h>
| # include <stddef.h>
| #else
| # ifdef HAVE_STDLIB_H
| #  include <stdlib.h>
| # endif
| #endif
| #ifdef HAVE_STRING_H
| # if !defined STDC_HEADERS && defined HAVE_MEMORY_H
| #  include <memory.h>
| # endif
| # include <string.h>
| #endif
| #ifdef HAVE_STRINGS_H
| # include <strings.h>
| #endif
| #ifdef HAVE_INTTYPES_H
| # include <inttypes.h>
| #endif
| #ifdef HAVE_STDINT_H
| # include <stdint.h>
| #endif
| #ifdef HAVE_UNISTD_H
| # include <unistd.h>
| #endif
| int
| main ()
| {
| if (sizeof ((size_t)))
| 	    return 0;
|   ;
|   return 0;
| }
configure:4469: result: yes
configure:4480: checking whether struct tm is in sys/time.h or time.h
configure:4500: g++ -c -g -O2  conftest.cpp >&5
configure:4500: $? = 0
configure:4507: result: time.h
configure:4515: checking for uint16_t
configure:4515: g++ -c -g -O2  conftest.cpp >&5
configure:4515: $? = 0
configure:4515: result: yes
configure:4527: checking for uint32_t
configure:4527: g++ -c -g -O2  conftest.cpp >&5
configure:4527: $? = 0
configure:4527: result: yes
configure:4541: checking for uint64_t
configure:4541: g++ -c -g -O2  conftest.cpp >&5
configure:4541: $? = 0
configure:4541: result: yes
configure:4555: checking for uint8_t
configure:4555: g++ -c -g -O2  conftest.cpp >&5
configure:4555: $? = 0
configure:4555: result: yes
configure:4569: checking for ptrdiff_t
configure:4569: g++ -c -g -O2  conftest.cpp >&5
configure:4569: $? = 0
configure:4569: g++ -c -g -O2  conftest.cpp >&5
conftest.cpp: In function 'int main()':
conftest.cpp:66: error: expected primary-expression before ')' token
configure:4569: $? = 1
configure: failed program was:
| /* confdefs.h */
| #define PACKAGE_NAME "TheForgottenServer"
| #define PACKAGE_TARNAME "theforgottenserver"
| #define PACKAGE_VERSION "0.4"
| #define PACKAGE_STRING "TheForgottenServer 0.4"
| #define PACKAGE_BUGREPORT ""
| #define PACKAGE_URL ""
| #define PACKAGE "theforgottenserver"
| #define VERSION "0.4"
| #define STDC_HEADERS 1
| #define HAVE_SYS_TYPES_H 1
| #define HAVE_SYS_STAT_H 1
| #define HAVE_STDLIB_H 1
| #define HAVE_STRING_H 1
| #define HAVE_MEMORY_H 1
| #define HAVE_STRINGS_H 1
| #define HAVE_INTTYPES_H 1
| #define HAVE_STDINT_H 1
| #define HAVE_UNISTD_H 1
| #define HAVE_ARPA_INET_H 1
| #define HAVE_NETDB_H 1
| #define HAVE_NETINET_IN_H 1
| #define HAVE_STDDEF_H 1
| #define HAVE_STDINT_H 1
| #define HAVE_STDLIB_H 1
| #define HAVE_SYS_SOCKET_H 1
| #define HAVE_SYS_TIMEB_H 1
| #define HAVE_STDBOOL_H 1
| /* end confdefs.h.  */
| #include <stdio.h>
| #ifdef HAVE_SYS_TYPES_H
| # include <sys/types.h>
| #endif
| #ifdef HAVE_SYS_STAT_H
| # include <sys/stat.h>
| #endif
| #ifdef STDC_HEADERS
| # include <stdlib.h>
| # include <stddef.h>
| #else
| # ifdef HAVE_STDLIB_H
| #  include <stdlib.h>
| # endif
| #endif
| #ifdef HAVE_STRING_H
| # if !defined STDC_HEADERS && defined HAVE_MEMORY_H
| #  include <memory.h>
| # endif
| # include <string.h>
| #endif
| #ifdef HAVE_STRINGS_H
| # include <strings.h>
| #endif
| #ifdef HAVE_INTTYPES_H
| # include <inttypes.h>
| #endif
| #ifdef HAVE_STDINT_H
| # include <stdint.h>
| #endif
| #ifdef HAVE_UNISTD_H
| # include <unistd.h>
| #endif
| int
| main ()
| {
| if (sizeof ((ptrdiff_t)))
| 	    return 0;
|   ;
|   return 0;
| }
configure:4569: result: yes
configure:4583: checking for stdlib.h
configure:4583: result: yes
configure:4593: checking for GNU libc compatible malloc
configure:4617: g++ -o conftest -g -O2   conftest.cpp  >&5
configure:4617: $? = 0
configure:4617: ./conftest
configure:4617: $? = 0
configure:4627: result: yes
configure:4648: checking for working memcmp
configure:4691: g++ -o conftest -g -O2   conftest.cpp  >&5
configure:4691: $? = 0
configure:4691: ./conftest
configure:4691: $? = 0
configure:4701: result: yes
configure:4712: checking for stdlib.h
configure:4712: result: yes
configure:4722: checking for GNU libc compatible realloc
configure:4746: g++ -o conftest -g -O2   conftest.cpp  >&5
configure:4746: $? = 0
configure:4746: ./conftest
configure:4746: $? = 0
configure:4756: result: yes
configure:4780: checking for ceil
configure:4780: g++ -o conftest -g -O2   conftest.cpp  >&5
configure:4780: $? = 0
configure:4780: result: yes
configure:4780: checking for floor
configure:4780: g++ -o conftest -g -O2   conftest.cpp  >&5
configure:4780: $? = 0
configure:4780: result: yes
configure:4780: checking for ftime
configure:4780: g++ -o conftest -g -O2   conftest.cpp  >&5
configure:4780: $? = 0
configure:4780: result: yes
configure:4780: checking for gethostbyname
configure:4780: g++ -o conftest -g -O2   conftest.cpp  >&5
configure:4780: $? = 0
configure:4780: result: yes
configure:4780: checking for gethostname
configure:4780: g++ -o conftest -g -O2   conftest.cpp  >&5
configure:4780: $? = 0
configure:4780: result: yes
configure:4780: checking for memset
configure:4780: g++ -o conftest -g -O2   conftest.cpp  >&5
configure:4780: $? = 0
configure:4780: result: yes
configure:4780: checking for pow
configure:4780: g++ -o conftest -g -O2   conftest.cpp  >&5
configure:4780: $? = 0
configure:4780: result: yes
configure:4780: checking for sqrt
configure:4780: g++ -o conftest -g -O2   conftest.cpp  >&5
configure:4780: $? = 0
configure:4780: result: yes
configure:4780: checking for strcasecmp
configure:4780: g++ -o conftest -g -O2   conftest.cpp  >&5
configure:4780: $? = 0
configure:4780: result: yes
configure:4780: checking for strncasecmp
configure:4780: g++ -o conftest -g -O2   conftest.cpp  >&5
configure:4780: $? = 0
configure:4780: result: yes
configure:4780: checking for strstr
configure:4780: g++ -o conftest -g -O2   conftest.cpp  >&5
configure:4780: $? = 0
configure:4780: result: yes
configure:4780: checking for strtol
configure:4780: g++ -o conftest -g -O2   conftest.cpp  >&5
configure:4780: $? = 0
configure:4780: result: yes
configure:4831: checking for xml2-config
configure:4849: found /usr/bin/xml2-config
configure:4862: result: /usr/bin/xml2-config
configure:4871: checking for libxml - version >= 2.6.5
configure:4973: g++ -o conftest -g -O2  -I/usr/include/libxml2  conftest.cpp -lxml2  >&5
conftest.cpp: In function 'int main()':
conftest.cpp:60: warning: ignoring return value of 'int system(const char*)', declared with attribute warn_unused_result
configure:4973: $? = 0
configure:4973: ./conftest
configure:4973: $? = 0
configure:4988: result: yes (version 2.7.7)
configure:5056: checking gmp.h usability
configure:5056: g++ -c -g -O2  conftest.cpp >&5
configure:5056: $? = 0
configure:5056: result: yes
configure:5056: checking gmp.h presence
configure:5056: g++ -E  conftest.cpp
configure:5056: $? = 0
configure:5056: result: yes
configure:5056: checking for gmp.h
configure:5056: result: yes
configure:5068: checking for __gmpz_init2 in -lgmp
configure:5093: g++ -o conftest -g -O2   conftest.cpp -lgmp   -lxml2 >&5
configure:5093: $? = 0
configure:5102: result: yes
configure:5119: checking zlib.h usability
configure:5119: g++ -c -g -O2  conftest.cpp >&5
configure:5119: $? = 0
configure:5119: result: yes
configure:5119: checking zlib.h presence
configure:5119: g++ -E  conftest.cpp
configure:5119: $? = 0
configure:5119: result: yes
configure:5119: checking for zlib.h
configure:5119: result: yes
configure:5131: checking for main in -lz
configure:5150: g++ -o conftest -g -O2   conftest.cpp -lz  -lgmp  -lxml2 >&5
configure:5150: $? = 0
configure:5159: result: yes
configure:5174: checking for main in -lboost_thread-gcc-mt
configure:5193: g++ -o conftest -g -O2   conftest.cpp -lboost_thread-gcc-mt  -lz -lgmp  -lxml2 >&5
/usr/bin/ld: cannot find -lboost_thread-gcc-mt
collect2: ld returned 1 exit status
configure:5193: $? = 1
configure: failed program was:
| /* confdefs.h */
| #define PACKAGE_NAME "TheForgottenServer"
| #define PACKAGE_TARNAME "theforgottenserver"
| #define PACKAGE_VERSION "0.4"
| #define PACKAGE_STRING "TheForgottenServer 0.4"
| #define PACKAGE_BUGREPORT ""
| #define PACKAGE_URL ""
| #define PACKAGE "theforgottenserver"
| #define VERSION "0.4"
| #define STDC_HEADERS 1
| #define HAVE_SYS_TYPES_H 1
| #define HAVE_SYS_STAT_H 1
| #define HAVE_STDLIB_H 1
| #define HAVE_STRING_H 1
| #define HAVE_MEMORY_H 1
| #define HAVE_STRINGS_H 1
| #define HAVE_INTTYPES_H 1
| #define HAVE_STDINT_H 1
| #define HAVE_UNISTD_H 1
| #define HAVE_ARPA_INET_H 1
| #define HAVE_NETDB_H 1
| #define HAVE_NETINET_IN_H 1
| #define HAVE_STDDEF_H 1
| #define HAVE_STDINT_H 1
| #define HAVE_STDLIB_H 1
| #define HAVE_SYS_SOCKET_H 1
| #define HAVE_SYS_TIMEB_H 1
| #define HAVE_STDBOOL_H 1
| #define HAVE_PTRDIFF_T 1
| #define HAVE_STDLIB_H 1
| #define HAVE_MALLOC 1
| #define HAVE_STDLIB_H 1
| #define HAVE_REALLOC 1
| #define HAVE_CEIL 1
| #define HAVE_FLOOR 1
| #define HAVE_FTIME 1
| #define HAVE_GETHOSTBYNAME 1
| #define HAVE_GETHOSTNAME 1
| #define HAVE_MEMSET 1
| #define HAVE_POW 1
| #define HAVE_SQRT 1
| #define HAVE_STRCASECMP 1
| #define HAVE_STRNCASECMP 1
| #define HAVE_STRSTR 1
| #define HAVE_STRTOL 1
| #define HAVE_GMP_H 1
| #define HAVE_LIBGMP 1
| #define HAVE_ZLIB_H 1
| #define HAVE_LIBZ 1
| /* end confdefs.h.  */
| 
| 
| int
| main ()
| {
| return main ();
|   ;
|   return 0;
| }
configure:5202: result: no
configure:5213: checking for main in -lboost_thread-mt
configure:5232: g++ -o conftest -g -O2   conftest.cpp -lboost_thread-mt  -lz -lgmp  -lxml2 >&5
configure:5232: $? = 0
configure:5241: result: yes
configure:5302: checking for main in -lboost_regex-gcc-mt
configure:5321: g++ -o conftest -g -O2   conftest.cpp -lboost_regex-gcc-mt  -lboost_thread-mt -lz -lgmp  -lxml2 >&5
/usr/bin/ld: cannot find -lboost_regex-gcc-mt
collect2: ld returned 1 exit status
configure:5321: $? = 1
configure: failed program was:
| /* confdefs.h */
| #define PACKAGE_NAME "TheForgottenServer"
| #define PACKAGE_TARNAME "theforgottenserver"
| #define PACKAGE_VERSION "0.4"
| #define PACKAGE_STRING "TheForgottenServer 0.4"
| #define PACKAGE_BUGREPORT ""
| #define PACKAGE_URL ""
| #define PACKAGE "theforgottenserver"
| #define VERSION "0.4"
| #define STDC_HEADERS 1
| #define HAVE_SYS_TYPES_H 1
| #define HAVE_SYS_STAT_H 1
| #define HAVE_STDLIB_H 1
| #define HAVE_STRING_H 1
| #define HAVE_MEMORY_H 1
| #define HAVE_STRINGS_H 1
| #define HAVE_INTTYPES_H 1
| #define HAVE_STDINT_H 1
| #define HAVE_UNISTD_H 1
| #define HAVE_ARPA_INET_H 1
| #define HAVE_NETDB_H 1
| #define HAVE_NETINET_IN_H 1
| #define HAVE_STDDEF_H 1
| #define HAVE_STDINT_H 1
| #define HAVE_STDLIB_H 1
| #define HAVE_SYS_SOCKET_H 1
| #define HAVE_SYS_TIMEB_H 1
| #define HAVE_STDBOOL_H 1
| #define HAVE_PTRDIFF_T 1
| #define HAVE_STDLIB_H 1
| #define HAVE_MALLOC 1
| #define HAVE_STDLIB_H 1
| #define HAVE_REALLOC 1
| #define HAVE_CEIL 1
| #define HAVE_FLOOR 1
| #define HAVE_FTIME 1
| #define HAVE_GETHOSTBYNAME 1
| #define HAVE_GETHOSTNAME 1
| #define HAVE_MEMSET 1
| #define HAVE_POW 1
| #define HAVE_SQRT 1
| #define HAVE_STRCASECMP 1
| #define HAVE_STRNCASECMP 1
| #define HAVE_STRSTR 1
| #define HAVE_STRTOL 1
| #define HAVE_GMP_H 1
| #define HAVE_LIBGMP 1
| #define HAVE_ZLIB_H 1
| #define HAVE_LIBZ 1
| #define HAVE_LIBBOOST_THREAD_MT 1
| /* end confdefs.h.  */
| 
| 
| int
| main ()
| {
| return main ();
|   ;
|   return 0;
| }
configure:5330: result: no
configure:5341: checking for main in -lboost_regex-mt
configure:5360: g++ -o conftest -g -O2   conftest.cpp -lboost_regex-mt  -lboost_thread-mt -lz -lgmp  -lxml2 >&5
configure:5360: $? = 0
configure:5369: result: yes
configure:5430: checking for main in -lboost_system-gcc-mt
configure:5449: g++ -o conftest -g -O2   conftest.cpp -lboost_system-gcc-mt  -lboost_regex-mt -lboost_thread-mt -lz -lgmp  -lxml2 >&5
/usr/bin/ld: cannot find -lboost_system-gcc-mt
collect2: ld returned 1 exit status
configure:5449: $? = 1
configure: failed program was:
| /* confdefs.h */
| #define PACKAGE_NAME "TheForgottenServer"
| #define PACKAGE_TARNAME "theforgottenserver"
| #define PACKAGE_VERSION "0.4"
| #define PACKAGE_STRING "TheForgottenServer 0.4"
| #define PACKAGE_BUGREPORT ""
| #define PACKAGE_URL ""
| #define PACKAGE "theforgottenserver"
| #define VERSION "0.4"
| #define STDC_HEADERS 1
| #define HAVE_SYS_TYPES_H 1
| #define HAVE_SYS_STAT_H 1
| #define HAVE_STDLIB_H 1
| #define HAVE_STRING_H 1
| #define HAVE_MEMORY_H 1
| #define HAVE_STRINGS_H 1
| #define HAVE_INTTYPES_H 1
| #define HAVE_STDINT_H 1
| #define HAVE_UNISTD_H 1
| #define HAVE_ARPA_INET_H 1
| #define HAVE_NETDB_H 1
| #define HAVE_NETINET_IN_H 1
| #define HAVE_STDDEF_H 1
| #define HAVE_STDINT_H 1
| #define HAVE_STDLIB_H 1
| #define HAVE_SYS_SOCKET_H 1
| #define HAVE_SYS_TIMEB_H 1
| #define HAVE_STDBOOL_H 1
| #define HAVE_PTRDIFF_T 1
| #define HAVE_STDLIB_H 1
| #define HAVE_MALLOC 1
| #define HAVE_STDLIB_H 1
| #define HAVE_REALLOC 1
| #define HAVE_CEIL 1
| #define HAVE_FLOOR 1
| #define HAVE_FTIME 1
| #define HAVE_GETHOSTBYNAME 1
| #define HAVE_GETHOSTNAME 1
| #define HAVE_MEMSET 1
| #define HAVE_POW 1
| #define HAVE_SQRT 1
| #define HAVE_STRCASECMP 1
| #define HAVE_STRNCASECMP 1
| #define HAVE_STRSTR 1
| #define HAVE_STRTOL 1
| #define HAVE_GMP_H 1
| #define HAVE_LIBGMP 1
| #define HAVE_ZLIB_H 1
| #define HAVE_LIBZ 1
| #define HAVE_LIBBOOST_THREAD_MT 1
| #define HAVE_LIBBOOST_REGEX_MT 1
| /* end confdefs.h.  */
| 
| 
| int
| main ()
| {
| return main ();
|   ;
|   return 0;
| }
configure:5458: result: no
configure:5469: checking for main in -lboost_system-mt
configure:5488: g++ -o conftest -g -O2   conftest.cpp -lboost_system-mt  -lboost_regex-mt -lboost_thread-mt -lz -lgmp  -lxml2 >&5
configure:5488: $? = 0
configure:5497: result: yes
configure:5558: checking for main in -lboost_date_time-gcc-mt
configure:5577: g++ -o conftest -g -O2   conftest.cpp -lboost_date_time-gcc-mt  -lboost_system-mt -lboost_regex-mt -lboost_thread-mt -lz -lgmp  -lxml2 >&5
/usr/bin/ld: cannot find -lboost_date_time-gcc-mt
collect2: ld returned 1 exit status
configure:5577: $? = 1
configure: failed program was:
| /* confdefs.h */
| #define PACKAGE_NAME "TheForgottenServer"
| #define PACKAGE_TARNAME "theforgottenserver"
| #define PACKAGE_VERSION "0.4"
| #define PACKAGE_STRING "TheForgottenServer 0.4"
| #define PACKAGE_BUGREPORT ""
| #define PACKAGE_URL ""
| #define PACKAGE "theforgottenserver"
| #define VERSION "0.4"
| #define STDC_HEADERS 1
| #define HAVE_SYS_TYPES_H 1
| #define HAVE_SYS_STAT_H 1
| #define HAVE_STDLIB_H 1
| #define HAVE_STRING_H 1
| #define HAVE_MEMORY_H 1
| #define HAVE_STRINGS_H 1
| #define HAVE_INTTYPES_H 1
| #define HAVE_STDINT_H 1
| #define HAVE_UNISTD_H 1
| #define HAVE_ARPA_INET_H 1
| #define HAVE_NETDB_H 1
| #define HAVE_NETINET_IN_H 1
| #define HAVE_STDDEF_H 1
| #define HAVE_STDINT_H 1
| #define HAVE_STDLIB_H 1
| #define HAVE_SYS_SOCKET_H 1
| #define HAVE_SYS_TIMEB_H 1
| #define HAVE_STDBOOL_H 1
| #define HAVE_PTRDIFF_T 1
| #define HAVE_STDLIB_H 1
| #define HAVE_MALLOC 1
| #define HAVE_STDLIB_H 1
| #define HAVE_REALLOC 1
| #define HAVE_CEIL 1
| #define HAVE_FLOOR 1
| #define HAVE_FTIME 1
| #define HAVE_GETHOSTBYNAME 1
| #define HAVE_GETHOSTNAME 1
| #define HAVE_MEMSET 1
| #define HAVE_POW 1
| #define HAVE_SQRT 1
| #define HAVE_STRCASECMP 1
| #define HAVE_STRNCASECMP 1
| #define HAVE_STRSTR 1
| #define HAVE_STRTOL 1
| #define HAVE_GMP_H 1
| #define HAVE_LIBGMP 1
| #define HAVE_ZLIB_H 1
| #define HAVE_LIBZ 1
| #define HAVE_LIBBOOST_THREAD_MT 1
| #define HAVE_LIBBOOST_REGEX_MT 1
| #define HAVE_LIBBOOST_SYSTEM_MT 1
| /* end confdefs.h.  */
| 
| 
| int
| main ()
| {
| return main ();
|   ;
|   return 0;
| }
configure:5586: result: no
configure:5597: checking for main in -lboost_date_time-mt
configure:5616: g++ -o conftest -g -O2   conftest.cpp -lboost_date_time-mt  -lboost_system-mt -lboost_regex-mt -lboost_thread-mt -lz -lgmp  -lxml2 >&5
configure:5616: $? = 0
configure:5625: result: yes
configure:5686: checking for main in -lboost_filesystem-gcc-mt
configure:5705: g++ -o conftest -g -O2   conftest.cpp -lboost_filesystem-gcc-mt  -lboost_date_time-mt -lboost_system-mt -lboost_regex-mt -lboost_thread-mt -lz -lgmp  -lxml2 >&5
/usr/bin/ld: cannot find -lboost_filesystem-gcc-mt
collect2: ld returned 1 exit status
configure:5705: $? = 1
configure: failed program was:
| /* confdefs.h */
| #define PACKAGE_NAME "TheForgottenServer"
| #define PACKAGE_TARNAME "theforgottenserver"
| #define PACKAGE_VERSION "0.4"
| #define PACKAGE_STRING "TheForgottenServer 0.4"
| #define PACKAGE_BUGREPORT ""
| #define PACKAGE_URL ""
| #define PACKAGE "theforgottenserver"
| #define VERSION "0.4"
| #define STDC_HEADERS 1
| #define HAVE_SYS_TYPES_H 1
| #define HAVE_SYS_STAT_H 1
| #define HAVE_STDLIB_H 1
| #define HAVE_STRING_H 1
| #define HAVE_MEMORY_H 1
| #define HAVE_STRINGS_H 1
| #define HAVE_INTTYPES_H 1
| #define HAVE_STDINT_H 1
| #define HAVE_UNISTD_H 1
| #define HAVE_ARPA_INET_H 1
| #define HAVE_NETDB_H 1
| #define HAVE_NETINET_IN_H 1
| #define HAVE_STDDEF_H 1
| #define HAVE_STDINT_H 1
| #define HAVE_STDLIB_H 1
| #define HAVE_SYS_SOCKET_H 1
| #define HAVE_SYS_TIMEB_H 1
| #define HAVE_STDBOOL_H 1
| #define HAVE_PTRDIFF_T 1
| #define HAVE_STDLIB_H 1
| #define HAVE_MALLOC 1
| #define HAVE_STDLIB_H 1
| #define HAVE_REALLOC 1
| #define HAVE_CEIL 1
| #define HAVE_FLOOR 1
| #define HAVE_FTIME 1
| #define HAVE_GETHOSTBYNAME 1
| #define HAVE_GETHOSTNAME 1
| #define HAVE_MEMSET 1
| #define HAVE_POW 1
| #define HAVE_SQRT 1
| #define HAVE_STRCASECMP 1
| #define HAVE_STRNCASECMP 1
| #define HAVE_STRSTR 1
| #define HAVE_STRTOL 1
| #define HAVE_GMP_H 1
| #define HAVE_LIBGMP 1
| #define HAVE_ZLIB_H 1
| #define HAVE_LIBZ 1
| #define HAVE_LIBBOOST_THREAD_MT 1
| #define HAVE_LIBBOOST_REGEX_MT 1
| #define HAVE_LIBBOOST_SYSTEM_MT 1
| #define HAVE_LIBBOOST_DATE_TIME_MT 1
| /* end confdefs.h.  */
| 
| 
| int
| main ()
| {
| return main ();
|   ;
|   return 0;
| }
configure:5714: result: no
configure:5725: checking for main in -lboost_filesystem-mt
configure:5744: g++ -o conftest -g -O2   conftest.cpp -lboost_filesystem-mt  -lboost_date_time-mt -lboost_system-mt -lboost_regex-mt -lboost_thread-mt -lz -lgmp  -lxml2 >&5
configure:5744: $? = 0
configure:5753: result: yes
configure:5817: checking boost/asio.hpp usability
configure:5817: g++ -c -g -O2  conftest.cpp >&5
configure:5817: $? = 0
configure:5817: result: yes
configure:5817: checking boost/asio.hpp presence
configure:5817: g++ -E  conftest.cpp
configure:5817: $? = 0
configure:5817: result: yes
configure:5817: checking for boost/asio.hpp
configure:5817: result: yes
configure:5833: checking boost/tr1/unordered_set.hpp usability
configure:5833: g++ -c -g -O2  conftest.cpp >&5
configure:5833: $? = 0
configure:5833: result: yes
configure:5833: checking boost/tr1/unordered_set.hpp presence
configure:5833: g++ -E  conftest.cpp
configure:5833: $? = 0
configure:5833: result: yes
configure:5833: checking for boost/tr1/unordered_set.hpp
configure:5833: result: yes
configure:5850: checking cryptopp/sha.h usability
configure:5850: g++ -c -g -O2  conftest.cpp >&5
configure:5850: $? = 0
configure:5850: result: yes
configure:5850: checking cryptopp/sha.h presence
configure:5850: g++ -E  conftest.cpp
configure:5850: $? = 0
configure:5850: result: yes
configure:5850: checking for cryptopp/sha.h
configure:5850: result: yes
configure:5850: checking cryptopp/md5.h usability
configure:5850: g++ -c -g -O2  conftest.cpp >&5
In file included from conftest.cpp:92:
/usr/include/cryptopp/md5.h:25: warning: #warning "You may be using a weak algorithm that has been retained for backwards compatibility. Please '#define CRYPTOPP_ENABLE_NAMESPACE_WEAK 1' before including this .h file and prepend the class name with 'Weak::' to remove this warning."
configure:5850: $? = 0
configure:5850: result: yes
configure:5850: checking cryptopp/md5.h presence
configure:5850: g++ -E  conftest.cpp
In file included from conftest.cpp:59:
/usr/include/cryptopp/md5.h:25: warning: #warning "You may be using a weak algorithm that has been retained for backwards compatibility. Please '#define CRYPTOPP_ENABLE_NAMESPACE_WEAK 1' before including this .h file and prepend the class name with 'Weak::' to remove this warning."
configure:5850: $? = 0
configure:5850: result: yes
configure:5850: checking for cryptopp/md5.h
configure:5850: result: yes
configure:5850: checking cryptopp/adler32.h usability
configure:5850: g++ -c -g -O2  conftest.cpp >&5
configure:5850: $? = 0
configure:5850: result: yes
configure:5850: checking cryptopp/adler32.h presence
configure:5850: g++ -E  conftest.cpp
configure:5850: $? = 0
configure:5850: result: yes
configure:5850: checking for cryptopp/adler32.h
configure:5850: result: yes
configure:5850: checking cryptopp/hex.h usability
configure:5850: g++ -c -g -O2  conftest.cpp >&5
configure:5850: $? = 0
configure:5850: result: yes
configure:5850: checking cryptopp/hex.h presence
configure:5850: g++ -E  conftest.cpp
configure:5850: $? = 0
configure:5850: result: yes
configure:5850: checking for cryptopp/hex.h
configure:5850: result: yes
configure:5850: checking cryptopp/base64.h usability
configure:5850: g++ -c -g -O2  conftest.cpp >&5
configure:5850: $? = 0
configure:5850: result: yes
configure:5850: checking cryptopp/base64.h presence
configure:5850: g++ -E  conftest.cpp
configure:5850: $? = 0
configure:5850: result: yes
configure:5850: checking for cryptopp/base64.h
configure:5850: result: yes
configure:5850: checking cryptopp/hmac.h usability
configure:5850: g++ -c -g -O2  conftest.cpp >&5
configure:5850: $? = 0
configure:5850: result: yes
configure:5850: checking cryptopp/hmac.h presence
configure:5850: g++ -E  conftest.cpp
configure:5850: $? = 0
configure:5850: result: yes
configure:5850: checking for cryptopp/hmac.h
configure:5850: result: yes
configure:5850: checking cryptopp/cryptlib.h usability
configure:5850: g++ -c -g -O2  conftest.cpp >&5
configure:5850: $? = 0
configure:5850: result: yes
configure:5850: checking cryptopp/cryptlib.h presence
configure:5850: g++ -E  conftest.cpp
configure:5850: $? = 0
configure:5850: result: yes
configure:5850: checking for cryptopp/cryptlib.h
configure:5850: result: yes
configure:5862: checking for main in -lcryptopp
configure:5881: g++ -o conftest -g -O2   conftest.cpp -lcryptopp  -lboost_filesystem-mt -lboost_date_time-mt -lboost_system-mt -lboost_regex-mt -lboost_thread-mt -lz -lgmp  -lxml2 >&5
configure:5881: $? = 0
configure:5890: result: yes
configure:5958: checking for pkg-config
configure:5976: found /usr/bin/pkg-config
configure:5988: result: /usr/bin/pkg-config
configure:6013: checking pkg-config is at least version 0.9.0
configure:6016: result: yes
configure:6026: checking for LUA
configure:6033: $PKG_CONFIG --exists --print-errors "lua5.1 >= 5.1"
configure:6036: $? = 0
configure:6049: $PKG_CONFIG --exists --print-errors "lua5.1 >= 5.1"
configure:6052: $? = 0
configure:6201: result: yes
configure:6212: checking mysql/mysql.h usability
configure:6212: g++ -c -g -O2  conftest.cpp >&5
configure:6212: $? = 0
configure:6212: result: yes
configure:6212: checking mysql/mysql.h presence
configure:6212: g++ -E  conftest.cpp
configure:6212: $? = 0
configure:6212: result: yes
configure:6212: checking for mysql/mysql.h
configure:6212: result: yes
configure:6224: checking for main in -lmysqlclient
configure:6243: g++ -o conftest -g -O2   conftest.cpp -lmysqlclient  -lcryptopp -lboost_filesystem-mt -lboost_date_time-mt -lboost_system-mt -lboost_regex-mt -lboost_thread-mt -lz -lgmp  -lxml2 >&5
configure:6243: $? = 0
configure:6252: result: yes
configure:6560: creating ./config.status

## ---------------------- ##
## Running config.status. ##
## ---------------------- ##

This file was extended by TheForgottenServer config.status 0.4, which was
generated by GNU Autoconf 2.67.  Invocation command line was

  CONFIG_FILES    = 
  CONFIG_HEADERS  = 
  CONFIG_LINKS    = 
  CONFIG_COMMANDS = 
  $ ./config.status 

on ubuntu

config.status:930: creating Makefile
config.status:930: creating config.h
config.status:1110: config.h is unchanged
config.status:1158: executing depfiles commands

## ---------------- ##
## Cache variables. ##
## ---------------- ##

ac_cv_c_const=yes
ac_cv_c_inline=inline
ac_cv_c_int16_t=yes
ac_cv_c_int32_t=yes
ac_cv_c_int64_t=yes
ac_cv_c_uint16_t=yes
ac_cv_c_uint32_t=yes
ac_cv_c_uint64_t=yes
ac_cv_c_uint8_t=yes
ac_cv_cxx_compiler_gnu=yes
ac_cv_env_CCC_set=
ac_cv_env_CCC_value=
ac_cv_env_CPPFLAGS_set=
ac_cv_env_CPPFLAGS_value=
ac_cv_env_CXXCPP_set=
ac_cv_env_CXXCPP_value=
ac_cv_env_CXXFLAGS_set=
ac_cv_env_CXXFLAGS_value=
ac_cv_env_CXX_set=
ac_cv_env_CXX_value=
ac_cv_env_LDFLAGS_set=
ac_cv_env_LDFLAGS_value=
ac_cv_env_LIBS_set=
ac_cv_env_LIBS_value=
ac_cv_env_LUA_CFLAGS_set=
ac_cv_env_LUA_CFLAGS_value=
ac_cv_env_LUA_LIBS_set=
ac_cv_env_LUA_LIBS_value=
ac_cv_env_PKG_CONFIG_LIBDIR_set=
ac_cv_env_PKG_CONFIG_LIBDIR_value=
ac_cv_env_PKG_CONFIG_PATH_set=
ac_cv_env_PKG_CONFIG_PATH_value=
ac_cv_env_PKG_CONFIG_set=
ac_cv_env_PKG_CONFIG_value=
ac_cv_env_build_alias_set=
ac_cv_env_build_alias_value=
ac_cv_env_host_alias_set=
ac_cv_env_host_alias_value=
ac_cv_env_target_alias_set=
ac_cv_env_target_alias_value=
ac_cv_func_ceil=yes
ac_cv_func_floor=yes
ac_cv_func_ftime=yes
ac_cv_func_gethostbyname=yes
ac_cv_func_gethostname=yes
ac_cv_func_malloc_0_nonnull=yes
ac_cv_func_memcmp_working=yes
ac_cv_func_memset=yes
ac_cv_func_pow=yes
ac_cv_func_realloc_0_nonnull=yes
ac_cv_func_sqrt=yes
ac_cv_func_strcasecmp=yes
ac_cv_func_strncasecmp=yes
ac_cv_func_strstr=yes
ac_cv_func_strtol=yes
ac_cv_header_arpa_inet_h=yes
ac_cv_header_boost_asio_hpp=yes
ac_cv_header_boost_tr1_unordered_set_hpp=yes
ac_cv_header_cryptopp_adler32_h=yes
ac_cv_header_cryptopp_base64_h=yes
ac_cv_header_cryptopp_cryptlib_h=yes
ac_cv_header_cryptopp_hex_h=yes
ac_cv_header_cryptopp_hmac_h=yes
ac_cv_header_cryptopp_md5_h=yes
ac_cv_header_cryptopp_sha_h=yes
ac_cv_header_gmp_h=yes
ac_cv_header_inttypes_h=yes
ac_cv_header_memory_h=yes
ac_cv_header_mysql_mysql_h=yes
ac_cv_header_netdb_h=yes
ac_cv_header_netinet_in_h=yes
ac_cv_header_stdbool_h=yes
ac_cv_header_stdc=yes
ac_cv_header_stddef_h=yes
ac_cv_header_stdint_h=yes
ac_cv_header_stdlib_h=yes
ac_cv_header_string_h=yes
ac_cv_header_strings_h=yes
ac_cv_header_sys_socket_h=yes
ac_cv_header_sys_stat_h=yes
ac_cv_header_sys_timeb_h=yes
ac_cv_header_sys_types_h=yes
ac_cv_header_unistd_h=yes
ac_cv_header_zlib_h=yes
ac_cv_lib_boost_date_time_gcc_mt_main=no
ac_cv_lib_boost_date_time_mt_main=yes
ac_cv_lib_boost_filesystem_gcc_mt_main=no
ac_cv_lib_boost_filesystem_mt_main=yes
ac_cv_lib_boost_regex_gcc_mt_main=no
ac_cv_lib_boost_regex_mt_main=yes
ac_cv_lib_boost_system_gcc_mt_main=no
ac_cv_lib_boost_system_mt_main=yes
ac_cv_lib_boost_thread_gcc_mt_main=no
ac_cv_lib_boost_thread_mt_main=yes
ac_cv_lib_cryptopp_main=yes
ac_cv_lib_gmp___gmpz_init2=yes
ac_cv_lib_mysqlclient_main=yes
ac_cv_lib_z_main=yes
ac_cv_objext=o
ac_cv_path_EGREP='/bin/grep -E'
ac_cv_path_GREP=/bin/grep
ac_cv_path_XML2_CONFIG=/usr/bin/xml2-config
ac_cv_path_ac_pt_PKG_CONFIG=/usr/bin/pkg-config
ac_cv_path_install='/usr/bin/install -c'
ac_cv_path_mkdir=/bin/mkdir
ac_cv_prog_AWK=mawk
ac_cv_prog_CXXCPP='g++ -E'
ac_cv_prog_ac_ct_CXX=g++
ac_cv_prog_cxx_g=yes
ac_cv_prog_make_make_set=yes
ac_cv_struct_tm=time.h
ac_cv_type__Bool=no
ac_cv_type_ptrdiff_t=yes
ac_cv_type_size_t=yes
am_cv_CXX_dependencies_compiler_type=gcc3
pkg_cv_LUA_CFLAGS='-I/usr/include/lua5.1  '
pkg_cv_LUA_LIBS='-llua5.1  '

## ----------------- ##
## Output variables. ##
## ----------------- ##

ACLOCAL='${SHELL} /mnt/hgfs/tfs-2/8.6/missing --run aclocal-1.11'
AMDEPBACKSLASH='\'
AMDEP_FALSE='#'
AMDEP_TRUE=''
AMTAR='${SHELL} /mnt/hgfs/tfs-2/8.6/missing --run tar'
AUTOCONF='${SHELL} /mnt/hgfs/tfs-2/8.6/missing --run autoconf'
AUTOHEADER='${SHELL} /mnt/hgfs/tfs-2/8.6/missing --run autoheader'
AUTOMAKE='${SHELL} /mnt/hgfs/tfs-2/8.6/missing --run automake-1.11'
AWK='mawk'
CPPFLAGS=''
CXX='g++'
CXXCPP='g++ -E'
CXXDEPMODE='depmode=gcc3'
CXXFLAGS='-g -O2'
CYGPATH_W='echo'
DEBUG_FLAGS='-O2 -fomit-frame-pointer'
DEFS='-DHAVE_CONFIG_H'
DEPDIR='.deps'
ECHO_C=''
ECHO_N='-n'
ECHO_T=''
EGREP='/bin/grep -E'
EXEEXT=''
GREP='/bin/grep'
INSTALL_DATA='${INSTALL} -m 644'
INSTALL_PROGRAM='${INSTALL}'
INSTALL_SCRIPT='${INSTALL}'
INSTALL_STRIP_PROGRAM='$(install_sh) -c -s'
LDFLAGS=''
LIBOBJS=''
LIBS='-lmysqlclient -lcryptopp -lboost_filesystem-mt -lboost_date_time-mt -lboost_system-mt -lboost_regex-mt -lboost_thread-mt -lz -lgmp  -lxml2'
LOGIN_SERVER_FALSE=''
LOGIN_SERVER_TRUE='#'
LTLIBOBJS=''
LUA_CFLAGS='-I/usr/include/lua5.1  '
LUA_LIBS='-llua5.1  '
MAKEINFO='${SHELL} /mnt/hgfs/tfs-2/8.6/missing --run makeinfo'
MKDIR_P='/bin/mkdir -p'
MYSQL_FLAGS='-D__USE_MYSQL__'
MYSQL_LIBS='-lmysqlclient'
OBJEXT='o'
OPTIONAL_FLAGS='-D__WAR_SYSTEM__ -D__TFS_NEWEST_REVS_FIXIES__ -D__ENABLE_SERVER_DIAGNOSTIC__'
OT_ADMIN_FALSE=''
OT_ADMIN_TRUE='#'
PACKAGE='theforgottenserver'
PACKAGE_BUGREPORT=''
PACKAGE_NAME='TheForgottenServer'
PACKAGE_STRING='TheForgottenServer 0.4'
PACKAGE_TARNAME='theforgottenserver'
PACKAGE_URL=''
PACKAGE_VERSION='0.4'
PATH_SEPARATOR=':'
PGSQL_FLAGS=''
PGSQL_LIBS=''
PKG_CONFIG='/usr/bin/pkg-config'
PKG_CONFIG_LIBDIR=''
PKG_CONFIG_PATH=''
PROFILER_FLAGS=''
SET_MAKE=''
SHELL='/bin/bash'
SQLITE_FLAGS=''
SQLITE_LIBS=''
STRIP=''
USE_MYSQL_FALSE='#'
USE_MYSQL_TRUE=''
USE_PGSQL_FALSE=''
USE_PGSQL_TRUE='#'
USE_SQLITE_FALSE=''
USE_SQLITE_TRUE='#'
VERSION='0.4'
XML2_CONFIG='/usr/bin/xml2-config'
XML_CPPFLAGS='-I/usr/include/libxml2'
XML_LIBS='-lxml2'
ac_ct_CXX='g++'
am__EXEEXT_FALSE=''
am__EXEEXT_TRUE='#'
am__fastdepCXX_FALSE='#'
am__fastdepCXX_TRUE=''
am__include='include'
am__isrc=''
am__leading_dot='.'
am__quote=''
am__tar='${AMTAR} chof - "$$tardir"'
am__untar='${AMTAR} xf -'
bindir='${exec_prefix}/bin'
build_alias=''
datadir='${datarootdir}'
datarootdir='${prefix}/share'
docdir='${datarootdir}/doc/${PACKAGE_TARNAME}'
dvidir='${docdir}'
exec_prefix='${prefix}'
host_alias=''
htmldir='${docdir}'
includedir='${prefix}/include'
infodir='${datarootdir}/info'
install_sh='${SHELL} /mnt/hgfs/tfs-2/8.6/install-sh'
libdir='${exec_prefix}/lib'
libexecdir='${exec_prefix}/libexec'
localedir='${datarootdir}/locale'
localstatedir='${prefix}/var'
mandir='${datarootdir}/man'
mkdir_p='/bin/mkdir -p'
oldincludedir='/usr/include'
pdfdir='${docdir}'
prefix='/usr/local'
program_transform_name='s,x,x,'
psdir='${docdir}'
sbindir='${exec_prefix}/sbin'
sharedstatedir='${prefix}/com'
sysconfdir='${prefix}/etc'
target_alias=''

## ----------- ##
## confdefs.h. ##
## ----------- ##

/* confdefs.h */
#define PACKAGE_NAME "TheForgottenServer"
#define PACKAGE_TARNAME "theforgottenserver"
#define PACKAGE_VERSION "0.4"
#define PACKAGE_STRING "TheForgottenServer 0.4"
#define PACKAGE_BUGREPORT ""
#define PACKAGE_URL ""
#define PACKAGE "theforgottenserver"
#define VERSION "0.4"
#define STDC_HEADERS 1
#define HAVE_SYS_TYPES_H 1
#define HAVE_SYS_STAT_H 1
#define HAVE_STDLIB_H 1
#define HAVE_STRING_H 1
#define HAVE_MEMORY_H 1
#define HAVE_STRINGS_H 1
#define HAVE_INTTYPES_H 1
#define HAVE_STDINT_H 1
#define HAVE_UNISTD_H 1
#define HAVE_ARPA_INET_H 1
#define HAVE_NETDB_H 1
#define HAVE_NETINET_IN_H 1
#define HAVE_STDDEF_H 1
#define HAVE_STDINT_H 1
#define HAVE_STDLIB_H 1
#define HAVE_SYS_SOCKET_H 1
#define HAVE_SYS_TIMEB_H 1
#define HAVE_STDBOOL_H 1
#define HAVE_PTRDIFF_T 1
#define HAVE_STDLIB_H 1
#define HAVE_MALLOC 1
#define HAVE_STDLIB_H 1
#define HAVE_REALLOC 1
#define HAVE_CEIL 1
#define HAVE_FLOOR 1
#define HAVE_FTIME 1
#define HAVE_GETHOSTBYNAME 1
#define HAVE_GETHOSTNAME 1
#define HAVE_MEMSET 1
#define HAVE_POW 1
#define HAVE_SQRT 1
#define HAVE_STRCASECMP 1
#define HAVE_STRNCASECMP 1
#define HAVE_STRSTR 1
#define HAVE_STRTOL 1
#define HAVE_GMP_H 1
#define HAVE_LIBGMP 1
#define HAVE_ZLIB_H 1
#define HAVE_LIBZ 1
#define HAVE_LIBBOOST_THREAD_MT 1
#define HAVE_LIBBOOST_REGEX_MT 1
#define HAVE_LIBBOOST_SYSTEM_MT 1
#define HAVE_LIBBOOST_DATE_TIME_MT 1
#define HAVE_LIBBOOST_FILESYSTEM_MT 1
#define HAVE_BOOST_ASIO_HPP 1
#define HAVE_BOOST_TR1_UNORDERED_SET_HPP 1
#define HAVE_CRYPTOPP_SHA_H 1
#define HAVE_CRYPTOPP_MD5_H 1
#define HAVE_CRYPTOPP_ADLER32_H 1
#define HAVE_CRYPTOPP_HEX_H 1
#define HAVE_CRYPTOPP_BASE64_H 1
#define HAVE_CRYPTOPP_HMAC_H 1
#define HAVE_CRYPTOPP_CRYPTLIB_H 1
#define HAVE_LIBCRYPTOPP 1
#define HAVE_MYSQL_MYSQL_H 1
#define HAVE_LIBMYSQLCLIENT 1

configure: exit 0
